VCD info: dumpfile ws_sta_16x16x1x4x1_axi.vcd opened for output.
[               55000] compute start clock          3

[               55000] Input detected at clock          3
==========================================================================
[State Change] 0 -> 1
[             4365000] All outputs stabilized at clock:        433 clocks
[             4365000] Total computation and stabilization time:        431 clocks
==========================================================================
[State Change] 1 -> 2

Computation Complete. OutputC Values:
00000908 00000990 00000a18 00000aa0 00000b28 00000bb0 00000c38 00000cc0
00000d48 00000dd0 00000e58 00000ee0 00000f68 00000ff0 00001078 00001100
00001188 00001210 00001298 00001320 000013a8 00001430 000014b8 00001540
000015c8 00001650 000016d8 00001760 000017e8 00001870 000018f8 00001980
00001a08 00001a90 00001b18 00001ba0 00001c28 00001cb0 00001d38 00001dc0
00001e48 00001ed0 00001f58 00001fe0 00002068 000020f0 00002178 00002200
00002288 00002310 00002398 00002420 000024a8 00002530 000025b8 00002640
000026c8 00002750 000027d8 00002860 000028e8 00002970 000029f8 00002a80
==========================================================================
[State Change] 2 -> 3
==========================================================================
[State Change] 3 -> 0
